2023-05-29 22:45:02,465 CRITICAL client_config.py Критическая ошибка
2023-05-29 22:45:02,465 ERROR client_config.py Ошибка
2023-05-29 22:45:02,465 DEBUG client_config.py Отладочная информация
2023-05-29 22:45:02,465 INFO client_config.py Информационное сообщение
2023-05-29 23:07:28,800 CRITICAL client.py Попытка запуска клиента с недопустимым портом: 777
2023-05-29 23:07:43,474 INFO client.py запущен клиент с адресом: 127.0.0.1; порт: 7777
2023-05-29 23:07:43,475 DEBUG client.py получено сообщение от сервера: {'response': 200, 'alert': 'OK'}
2023-05-29 23:07:43,475 INFO client.py получен ответ сервера: 200 : OK
2023-05-29 23:15:41,011 INFO client.py запущен клиент с адресом: 127.0.0.1; порт: 7799
2023-05-29 23:15:41,012 DEBUG client.py получено сообщение от сервера: {'response': 200, 'alert': 'OK'}
2023-05-29 23:15:41,012 INFO client.py получен ответ сервера: 200 : OK
2023-05-29 23:17:02,937 INFO client.py запущен клиент с адресом: 127.0.0.1; порт: 7799
2023-05-29 23:17:50,572 INFO client.py запущен клиент с адресом: 127.0.0.1; порт: 7799
2023-05-29 23:17:50,573 DEBUG client.py получено сообщение от сервера: {'response': 400, 'error': 'Bad Request'}
2023-05-29 23:17:50,573 INFO client.py получен ответ сервера: 400 : Bad Request
2023-05-29 23:19:30,801 INFO client.py запущен клиент с адресом: 127.0.0.1; порт: 7799
2023-05-29 23:19:30,802 DEBUG client.py получено сообщение от сервера: {'response': 400, 'error': 'Bad Request'}
2023-05-29 23:19:30,802 INFO client.py получен ответ сервера: 400 : Bad Request
2023-05-29 23:21:07,612 INFO client.py запущен клиент с адресом: 127.0.0.1; порт: 7799
2023-05-29 23:21:07,613 DEBUG client.py получено сообщение от сервера: {'response': 400, 'error': 'Bad Request'}
2023-05-29 23:21:07,613 INFO client.py получен ответ сервера: 400 : Bad Request
2023-05-29 23:22:30,154 CRITICAL client.py Попытка запуска клиента с недопустимым портом: 77
2023-06-01 00:06:40,520 INFO client.py запущен клиент с адресом: localhost; порт: 7777
2023-06-01 00:07:19,418 INFO client.py запущен клиент с адресом: 127.0.0.1; порт: 7777
2023-06-01 00:07:19,419 DEBUG client.py получено сообщение от сервера: {'response': 200, 'alert': 'OK'}
2023-06-01 00:07:19,419 INFO client.py получен ответ сервера: 200 : OK
2023-06-08 15:40:19,944 ERROR client.py Не удалось декодировать сообщение сервера.
2023-06-08 15:57:47,181 INFO client.py 127.0.0.1
2023-06-08 15:57:47,181 INFO client.py 7777
2023-06-08 15:57:47,182 INFO client.py listen
2023-06-08 16:00:31,311 INFO client.py 127.0.0.1
2023-06-08 16:00:31,311 INFO client.py 7777
2023-06-08 16:00:31,311 INFO client.py listen
2023-06-08 16:07:51,793 INFO client.py 127.0.0.1
2023-06-08 16:07:51,794 INFO client.py 7777
2023-06-08 16:07:51,794 INFO client.py listen
2023-06-08 16:34:34,052 INFO client.py {'response': 200}
2023-06-08 16:35:08,123 INFO client.py {'response': 200}
2023-06-08 16:39:00,815 DEBUG client.py получено сообщение от сервера: {'response': 200}
2023-06-08 16:39:00,815 INFO client.py {'response': 200}
2023-06-08 16:39:00,815 INFO client.py получен ответ сервера: 200 : OK
2023-06-08 16:39:43,167 DEBUG client.py получено сообщение от сервера: {'response': 200}
2023-06-08 16:39:43,167 INFO client.py {'response': 200}
2023-06-08 16:39:43,167 INFO client.py получен ответ сервера: 200 : OK
2023-06-08 16:39:50,289 DEBUG client.py Сформирован словарь сообщения: {'action': 'message', 'time': 1686227990.2896633, 'account_name': 'Guest', 'mess_text': 'ghbdtn'}
2023-06-08 16:41:02,186 DEBUG client.py Сформирован словарь сообщения: {'action': 'message', 'time': 1686228062.1867845, 'account_name': 'Guest', 'mess_text': 'eee'}
2023-06-08 16:41:03,807 DEBUG client.py Сформирован словарь сообщения: {'action': 'message', 'time': 1686228063.807656, 'account_name': 'Guest', 'mess_text': 'wer'}
2023-06-08 16:41:04,844 DEBUG client.py Сформирован словарь сообщения: {'action': 'message', 'time': 1686228064.844623, 'account_name': 'Guest', 'mess_text': ' ewwe'}
2023-06-08 16:41:05,911 DEBUG client.py Сформирован словарь сообщения: {'action': 'message', 'time': 1686228065.911797, 'account_name': 'Guest', 'mess_text': 'werwerwer'}
2023-06-08 16:41:06,320 DEBUG client.py Сформирован словарь сообщения: {'action': 'message', 'time': 1686228066.320645, 'account_name': 'Guest', 'mess_text': 'werwe'}
2023-06-08 16:41:07,823 DEBUG client.py Сформирован словарь сообщения: {'action': 'message', 'time': 1686228067.82377, 'account_name': 'Guest', 'mess_text': 're'}
2023-06-08 16:48:31,915 DEBUG client.py получено сообщение от сервера: {'response': 200}
2023-06-08 16:48:31,915 INFO client.py {'response': 200}
2023-06-08 16:48:31,915 INFO client.py получен ответ сервера: 200 : OK
2023-06-08 16:48:36,418 DEBUG client.py Сформирован словарь сообщения: {'action': 'message', 'time': 1686228516.41837, 'account_name': 'Guest', 'mess_text': 'fdfds'}
2023-06-08 16:48:36,418 ERROR client.py Соединение с сервером 127.0.0.1 было потеряно.
2023-06-08 16:48:39,807 DEBUG client.py получено сообщение от сервера: {'response': 200}
2023-06-08 16:48:39,807 INFO client.py {'response': 200}
2023-06-08 16:48:39,807 INFO client.py получен ответ сервера: 200 : OK
2023-06-08 16:48:41,239 DEBUG client.py Сформирован словарь сообщения: {'action': 'message', 'time': 1686228521.2395556, 'login': 'Guest', 'mess_text': 'dsdss'}
2023-06-08 16:51:33,627 DEBUG client.py получено сообщение от сервера: {'response': 200}
2023-06-08 16:51:33,627 INFO client.py {'response': 200}
2023-06-08 16:51:33,627 INFO client.py получен ответ сервера: 200 : OK
2023-06-08 16:51:37,150 DEBUG client.py Сформирован словарь сообщения: {'action': 'message', 'time': 1686228697.150365, 'login': 'Guest', 'mess_text': ''}
2023-06-08 16:51:38,397 DEBUG client.py Сформирован словарь сообщения: {'action': 'message', 'time': 1686228698.39724, 'login': 'Guest', 'mess_text': 's'}
2023-06-08 16:51:38,397 ERROR client.py Соединение с сервером 127.0.0.1 было потеряно.
2023-06-08 16:51:40,260 DEBUG client.py получено сообщение от сервера: {'response': 200}
2023-06-08 16:51:40,260 INFO client.py {'response': 200}
2023-06-08 16:51:40,260 INFO client.py получен ответ сервера: 200 : OK
2023-06-08 16:51:41,468 DEBUG client.py Сформирован словарь сообщения: {'action': 'message', 'time': 1686228701.4683719, 'login': 'Guest', 'mess_text': 'ss'}
2023-06-08 16:53:33,291 DEBUG client.py получено сообщение от сервера: {'response': 200}
2023-06-08 16:53:33,291 INFO client.py {'response': 200}
2023-06-08 16:53:33,292 INFO client.py получен ответ сервера: 200 : OK
2023-06-08 16:53:36,791 DEBUG client.py Сформирован словарь сообщения: {'action': 'message', 'time': 1686228816.790978, 'login': 'Guest', 'mess_text': ''}
2023-06-08 16:53:38,782 DEBUG client.py Сформирован словарь сообщения: {'action': 'message', 'time': 1686228818.7828753, 'login': 'Guest', 'mess_text': 'dd'}
2023-06-08 16:53:38,783 ERROR client.py Соединение с сервером 127.0.0.1 было потеряно.
2023-06-08 16:53:40,794 DEBUG client.py получено сообщение от сервера: {'response': 200}
2023-06-08 16:53:40,794 INFO client.py {'response': 200}
2023-06-08 16:53:40,794 INFO client.py получен ответ сервера: 200 : OK
2023-06-08 16:53:42,750 DEBUG client.py Сформирован словарь сообщения: {'action': 'message', 'time': 1686228822.749971, 'login': 'Guest', 'mess_text': 'dssd'}
2023-06-08 16:56:02,015 DEBUG client.py получено сообщение от сервера: {'response': 200}
2023-06-08 16:56:02,015 INFO client.py {'response': 200}
2023-06-08 16:56:02,015 INFO client.py получен ответ сервера: 200 : OK
2023-06-08 16:56:05,228 DEBUG client.py Сформирован словарь сообщения: {'action': 'message', 'time': 1686228965.2280748, 'login': 'Guest', 'mess_text': 's'}
2023-06-08 16:56:07,273 DEBUG client.py Сформирован словарь сообщения: {'action': 'message', 'time': 1686228967.2730436, 'login': 'Guest', 'mess_text': 'ss'}
2023-06-08 16:56:07,273 ERROR client.py Соединение с сервером 127.0.0.1 было потеряно.
2023-06-08 16:56:09,130 DEBUG client.py получено сообщение от сервера: {'response': 200}
2023-06-08 16:56:09,130 INFO client.py {'response': 200}
2023-06-08 16:56:09,130 INFO client.py получен ответ сервера: 200 : OK
2023-06-08 16:56:11,399 DEBUG client.py Сформирован словарь сообщения: {'action': 'message', 'time': 1686228971.3991923, 'login': 'Guest', 'mess_text': 's33'}
2023-06-08 16:56:12,136 INFO client.py Получено сообщение от пользователя Guest:
s33
2023-06-08 16:56:53,703 DEBUG client.py Сформирован словарь сообщения: {'action': 'message', 'time': 1686229013.7037282, 'login': 'Guest', 'mess_text': '67'}
2023-06-08 16:56:54,254 INFO client.py Получено сообщение от пользователя Guest:
67
2023-06-08 16:59:35,895 DEBUG client.py Сформирован словарь сообщения: {'action': 'message', 'time': 1686229175.8955348, 'login': 'Guest', 'mess_text': '88'}
2023-06-08 16:59:36,743 INFO client.py Получено сообщение от пользователя Guest:
88
2023-06-08 17:08:39,986 DEBUG client.py получено сообщение от сервера: {'response': 200}
2023-06-08 17:08:39,986 INFO client.py получен ответ сервера: 200 : OK
2023-06-08 17:08:45,582 DEBUG client.py Сформирован словарь сообщения: {'action': 'message', 'time': 1686229725.5829031, 'login': 'Guest', 'mess_text': '\x1b[As'}
2023-06-08 17:08:46,571 DEBUG client.py Сформирован словарь сообщения: {'action': 'message', 'time': 1686229726.5718796, 'login': 'Guest', 'mess_text': ''}
2023-06-08 17:08:46,572 ERROR client.py Соединение с сервером 127.0.0.1 было потеряно.
2023-06-08 17:08:48,622 DEBUG client.py получено сообщение от сервера: {'response': 200}
2023-06-08 17:08:48,622 INFO client.py получен ответ сервера: 200 : OK
2023-06-08 17:08:52,019 DEBUG client.py Сформирован словарь сообщения: {'action': 'message', 'time': 1686229732.019732, 'login': 'Guest', 'mess_text': '44556gv'}
2023-06-08 17:08:52,642 INFO client.py Получено сообщение от пользователя Guest:
44556gv
2023-06-08 17:11:08,626 DEBUG client.py получено сообщение от сервера: {'response': 200}
2023-06-08 17:11:08,626 INFO client.py получен ответ сервера: 200 : OK
2023-06-08 17:11:12,692 DEBUG client.py Сформирован словарь сообщения: {'action': 'message', 'time': 1686229872.692237, 'login': 'Guest', 'mess_text': 'ss\x1b[A'}
2023-06-08 17:11:13,598 DEBUG client.py Сформирован словарь сообщения: {'action': 'message', 'time': 1686229873.5982242, 'login': 'Guest', 'mess_text': 'd'}
2023-06-08 17:11:13,598 ERROR client.py Соединение с сервером 127.0.0.1 было потеряно.
2023-06-08 17:11:15,348 DEBUG client.py получено сообщение от сервера: {'response': 200}
2023-06-08 17:11:15,348 INFO client.py получен ответ сервера: 200 : OK
2023-06-08 17:11:17,528 DEBUG client.py Сформирован словарь сообщения: {'action': 'message', 'time': 1686229877.5283208, 'login': 'Guest', 'mess_text': '556787'}
2023-06-08 17:11:18,354 INFO client.py Получено сообщение от пользователя Guest:
556787
