2023-06-08 12:58:57,985 INFO server.py Запущен сервер - порт: 7777 ; адрес:
2023-06-08 12:59:16,248 INFO server.py Получено сообщение от клиента: {'action': 'presence', 'time': 1686214756.245897, 'user': {'login': 'Guest'}}
2023-06-08 12:59:16,251 INFO server.py  Функция process_client_message() вызвана c параметрами:({'action': 'presence', 'time': 1686214756.245897, 'user': {'login': 'Guest'}},), {} из функции main()
2023-06-08 12:59:16,251 DEBUG server.py Отправлено сообщение клиенту: {'response': 200, 'alert': 'OK'}
2023-06-08 13:32:21,979 INFO server.py Запущен сервер - порт: 8076 ; адрес:127.0.0.1
2023-06-08 13:32:21,988 INFO server.py Получено сообщение от клиента: {'action': 'presence', 'time': 1686216741.9860082, 'user': {'login': 'Guest'}}
2023-06-08 13:32:21,992 INFO server.py  Функция process_client_message() вызвана c параметрами:({'action': 'presence', 'time': 1686216741.9860082, 'user': {'login': 'Guest'}},), {} из функции main()
2023-06-08 13:32:21,992 DEBUG server.py Отправлено сообщение клиенту: {'response': 200, 'alert': 'OK'}
2023-06-08 13:32:21,994 INFO server.py Получено сообщение от клиента: {'action': 'presence', 'time': 1686216741.9908392, 'user': {'login': 'Guest'}}
2023-06-08 13:32:21,995 INFO server.py  Функция process_client_message() вызвана c параметрами:({'action': 'presence', 'time': 1686216741.9908392, 'user': {'login': 'Guest'}},), {} из функции main()
2023-06-08 13:32:21,995 DEBUG server.py Отправлено сообщение клиенту: {'response': 200, 'alert': 'OK'}
2023-06-08 13:32:21,996 INFO server.py Получено сообщение от клиента: {'action': 'presence', 'time': 1686216741.9940493, 'user': {'login': 'Guest'}}
2023-06-08 13:32:21,996 INFO server.py  Функция process_client_message() вызвана c параметрами:({'action': 'presence', 'time': 1686216741.9940493, 'user': {'login': 'Guest'}},), {} из функции main()
2023-06-08 13:32:21,996 DEBUG server.py Отправлено сообщение клиенту: {'response': 200, 'alert': 'OK'}
2023-06-08 13:32:21,999 INFO server.py Получено сообщение от клиента: {'action': 'presence', 'time': 1686216741.996394, 'user': {'login': 'Guest'}}
2023-06-08 13:32:21,999 INFO server.py  Функция process_client_message() вызвана c параметрами:({'action': 'presence', 'time': 1686216741.996394, 'user': {'login': 'Guest'}},), {} из функции main()
2023-06-08 13:32:21,999 DEBUG server.py Отправлено сообщение клиенту: {'response': 200, 'alert': 'OK'}
2023-06-08 13:32:22,014 INFO server.py Получено сообщение от клиента: {'action': 'presence', 'time': 1686216742.0119293, 'user': {'login': 'Guest'}}
2023-06-08 13:32:22,014 INFO server.py  Функция process_client_message() вызвана c параметрами:({'action': 'presence', 'time': 1686216742.0119293, 'user': {'login': 'Guest'}},), {} из функции main()
2023-06-08 13:32:22,014 DEBUG server.py Отправлено сообщение клиенту: {'response': 200, 'alert': 'OK'}
